2022-06-21 14:35:58.772  INFO 14240 --- [restartedMain] c.c.c.ConfigServicePropertySourceLocator : Fetching config from server at : http://localhost:4545/
2022-06-21 14:35:58.864  INFO 14240 --- [restartedMain] c.c.c.ConfigServicePropertySourceLocator : Connect Timeout Exception on Url - http://localhost:4545/. Will be trying the next url if available
2022-06-21 14:35:58.865  WARN 14240 --- [restartedMain] c.c.c.ConfigServicePropertySourceLocator : Could not locate PropertySource: I/O error on GET request for "http://localhost:4545/db-mysql/git": Connection refused: no further information; nested exception is java.net.ConnectException: Connection refused: no further information
2022-06-21 14:35:58.868  INFO 14240 --- [restartedMain] com.example.demo.RestaurantApplication   : The following 1 profile is active: "git"
2022-06-21 14:35:59.967  INFO 14240 --- [restartedMain] .s.d.r.c.RepositoryConfigurationDelegate : Bootstrapping Spring Data JPA repositories in DEFAULT mode.
2022-06-21 14:36:00.419  INFO 14240 --- [restartedMain] .s.d.r.c.RepositoryConfigurationDelegate : Finished Spring Data repository scanning in 427 ms. Found 1 JPA repository interfaces.
2022-06-21 14:36:00.817  INFO 14240 --- [restartedMain] o.s.cloud.context.scope.GenericScope     : BeanFactory id=1d0881d5-7acb-32dc-9b18-629590113c94
2022-06-21 14:36:01.506  INFO 14240 --- [restartedMain] o.s.b.w.embedded.tomcat.TomcatWebServer  : Tomcat initialized with port(s): 8080 (http)
2022-06-21 14:36:01.518  INFO 14240 --- [restartedMain] o.apache.catalina.core.StandardService   : Starting service [Tomcat]
2022-06-21 14:36:01.518  INFO 14240 --- [restartedMain] org.apache.catalina.core.StandardEngine  : Starting Servlet engine: [Apache Tomcat/9.0.58]
2022-06-21 14:36:01.663  INFO 14240 --- [restartedMain] o.a.c.c.C.[Tomcat].[localhost].[/]       : Initializing Spring embedded WebApplicationContext
2022-06-21 14:36:01.664  INFO 14240 --- [restartedMain] w.s.c.ServletWebServerApplicationContext : Root WebApplicationContext: initialization completed in 2781 ms
2022-06-21 14:36:01.732  WARN 14240 --- [restartedMain] ConfigServletWebServerApplicationContext : Exception encountered during context initialization - cancelling refresh attempt: org.springframework.beans.factory.UnsatisfiedDependencyException: Error creating bean with name 'dataSourceScriptDatabaseInitializer' defined in class path resource [org/springframework/boot/autoconfigure/sql/init/DataSourceInitializationConfiguration.class]: Unsatisfied dependency expressed through method 'dataSourceScriptDatabaseInitializer' parameter 0; nested exception is org.springframework.beans.factory.BeanCreationException: Error creating bean with name 'dataSource' defined in class path resource [org/springframework/boot/autoconfigure/jdbc/DataSourceConfiguration$Hikari.class]: Bean instantiation via factory method failed; nested exception is org.springframework.beans.BeanInstantiationException: Failed to instantiate [com.zaxxer.hikari.HikariDataSource]: Factory method 'dataSource' threw exception; nested exception is org.springframework.boot.autoconfigure.jdbc.DataSourceProperties$DataSourceBeanCreationException: Failed to determine a suitable driver class
2022-06-21 14:36:01.733  INFO 14240 --- [restartedMain] o.apache.catalina.core.StandardService   : Stopping service [Tomcat]
2022-06-21 14:36:01.754  INFO 14240 --- [restartedMain] ConditionEvaluationReportLoggingListener : 

Error starting ApplicationContext. To display the conditions report re-run your application with 'debug' enabled.
2022-06-21 14:36:01.786 ERROR 14240 --- [restartedMain] o.s.b.d.LoggingFailureAnalysisReporter   : 

***************************
APPLICATION FAILED TO START
***************************

Description:

Failed to configure a DataSource: 'url' attribute is not specified and no embedded datasource could be configured.

Reason: Failed to determine a suitable driver class


Action:

Consider the following:
	If you want an embedded database (H2, HSQL or Derby), please put it on the classpath.
	If you have database settings to be loaded from a particular profile you may need to activate it (the profiles git are currently active).

